[22:13:57] [main/INFO]: Setting user: Player109
[22:13:58] [Client thread/INFO]: LWJGL Version: 2.9.1
[22:14:04] [Client thread/INFO]: Reloading ResourceManager: Default, FMLFileResourcePack:Forge Mod Loader, FMLFileResourcePack:Minecraft Forge, FMLFileResourcePack:More Minecraft!
[22:14:05] [Sound Library Loader/INFO]: Sound engine started
[22:14:07] [Client thread/INFO]: Created: 512x256 textures/blocks-atlas
[22:14:07] [Client thread/INFO]: Created: 512x256 textures/items-atlas
[22:14:07] [Client thread/INFO]: Reloading ResourceManager: Default, FMLFileResourcePack:Forge Mod Loader, FMLFileResourcePack:Minecraft Forge, FMLFileResourcePack:More Minecraft!
[22:14:08] [Client thread/INFO]: Created: 512x256 textures/blocks-atlas
[22:14:08] [Client thread/INFO]: Created: 512x256 textures/items-atlas
[22:14:08] [Sound Library Loader/INFO]: Sound engine started
[22:22:43] [main/INFO]: Setting user: Player718
[22:22:45] [Client thread/INFO]: LWJGL Version: 2.9.1
[22:22:51] [Client thread/INFO]: Reloading ResourceManager: Default, FMLFileResourcePack:Forge Mod Loader, FMLFileResourcePack:Minecraft Forge, FMLFileResourcePack:More Minecraft!
[22:22:52] [Sound Library Loader/INFO]: Sound engine started
[22:22:53] [Client thread/INFO]: Created: 512x256 textures/blocks-atlas
[22:22:53] [Client thread/ERROR]: Using missing texture, unable to load mi:textures/items/firecrystal.png
java.io.FileNotFoundException: mi:textures/items/firecrystal.png
	at net.minecraft.client.resources.FallbackResourceManager.getResource(FallbackResourceManager.java:65) ~[FallbackResourceManager.class:?]
	at net.minecraft.client.resources.SimpleReloadableResourceManager.getResource(SimpleReloadableResourceManager.java:67) ~[SimpleReloadableResourceManager.class:?]
	at net.minecraft.client.renderer.texture.TextureMap.loadTextureAtlas(TextureMap.java:126) [TextureMap.class:?]
	at net.minecraft.client.renderer.texture.TextureMap.loadTexture(TextureMap.java:91) [TextureMap.class:?]
	at net.minecraft.client.renderer.texture.TextureManager.loadTexture(TextureManager.java:89) [TextureManager.class:?]
	at net.minecraft.client.renderer.texture.TextureManager.loadTickableTexture(TextureManager.java:71) [TextureManager.class:?]
	at net.minecraft.client.renderer.texture.TextureManager.loadTextureMap(TextureManager.java:58) [TextureManager.class:?]
	at net.minecraft.client.Minecraft.startGame(Minecraft.java:583) [Minecraft.class:?]
	at net.minecraft.client.Minecraft.run(Minecraft.java:931) [Minecraft.class:?]
	at net.minecraft.client.main.Main.main(Main.java:164) [Main.class:?]
	at sun.reflect.NativeMethodAccessorImpl.invoke0(Native Method) ~[?:1.8.0_25]
	at sun.reflect.NativeMethodAccessorImpl.invoke(Unknown Source) ~[?:1.8.0_25]
	at sun.reflect.DelegatingMethodAccessorImpl.invoke(Unknown Source) ~[?:1.8.0_25]
	at java.lang.reflect.Method.invoke(Unknown Source) ~[?:1.8.0_25]
	at net.minecraft.launchwrapper.Launch.launch(Launch.java:135) [launchwrapper-1.11.jar:?]
	at net.minecraft.launchwrapper.Launch.main(Launch.java:28) [launchwrapper-1.11.jar:?]
	at net.minecraftforge.gradle.GradleStartCommon.launch(GradleStartCommon.java:78) [start/:?]
	at GradleStart.main(GradleStart.java:45) [start/:?]
[22:22:53] [Client thread/INFO]: Created: 512x256 textures/items-atlas
[22:22:53] [Client thread/INFO]: Reloading ResourceManager: Default, FMLFileResourcePack:Forge Mod Loader, FMLFileResourcePack:Minecraft Forge, FMLFileResourcePack:More Minecraft!
[22:22:54] [Client thread/INFO]: Created: 512x256 textures/blocks-atlas
[22:22:54] [Client thread/ERROR]: Using missing texture, unable to load mi:textures/items/firecrystal.png
java.io.FileNotFoundException: mi:textures/items/firecrystal.png
	at net.minecraft.client.resources.FallbackResourceManager.getResource(FallbackResourceManager.java:65) ~[FallbackResourceManager.class:?]
	at net.minecraft.client.resources.SimpleReloadableResourceManager.getResource(SimpleReloadableResourceManager.java:67) ~[SimpleReloadableResourceManager.class:?]
	at net.minecraft.client.renderer.texture.TextureMap.loadTextureAtlas(TextureMap.java:126) [TextureMap.class:?]
	at net.minecraft.client.renderer.texture.TextureMap.loadTexture(TextureMap.java:91) [TextureMap.class:?]
	at net.minecraft.client.renderer.texture.TextureManager.loadTexture(TextureManager.java:89) [TextureManager.class:?]
	at net.minecraft.client.renderer.texture.TextureManager.onResourceManagerReload(TextureManager.java:170) [TextureManager.class:?]
	at net.minecraft.client.resources.SimpleReloadableResourceManager.notifyReloadListeners(SimpleReloadableResourceManager.java:134) [SimpleReloadableResourceManager.class:?]
	at net.minecraft.client.resources.SimpleReloadableResourceManager.reloadResources(SimpleReloadableResourceManager.java:118) [SimpleReloadableResourceManager.class:?]
	at net.minecraft.client.Minecraft.refreshResources(Minecraft.java:643) [Minecraft.class:?]
	at cpw.mods.fml.client.FMLClientHandler.finishMinecraftLoading(FMLClientHandler.java:303) [FMLClientHandler.class:?]
	at net.minecraft.client.Minecraft.startGame(Minecraft.java:586) [Minecraft.class:?]
	at net.minecraft.client.Minecraft.run(Minecraft.java:931) [Minecraft.class:?]
	at net.minecraft.client.main.Main.main(Main.java:164) [Main.class:?]
	at sun.reflect.NativeMethodAccessorImpl.invoke0(Native Method) ~[?:1.8.0_25]
	at sun.reflect.NativeMethodAccessorImpl.invoke(Unknown Source) ~[?:1.8.0_25]
	at sun.reflect.DelegatingMethodAccessorImpl.invoke(Unknown Source) ~[?:1.8.0_25]
	at java.lang.reflect.Method.invoke(Unknown Source) ~[?:1.8.0_25]
	at net.minecraft.launchwrapper.Launch.launch(Launch.java:135) [launchwrapper-1.11.jar:?]
	at net.minecraft.launchwrapper.Launch.main(Launch.java:28) [launchwrapper-1.11.jar:?]
	at net.minecraftforge.gradle.GradleStartCommon.launch(GradleStartCommon.java:78) [start/:?]
	at GradleStart.main(GradleStart.java:45) [start/:?]
[22:22:54] [Client thread/INFO]: Created: 512x256 textures/items-atlas
[22:22:55] [Sound Library Loader/INFO]: Sound engine started
[22:23:02] [Server thread/INFO]: Starting integrated minecraft server version 1.7.10
[22:23:02] [Server thread/INFO]: Generating keypair
[22:23:02] [Server thread/INFO]: Preparing start region for level 0
[22:23:03] [Server thread/INFO]: Changing view distance to 12, from 10
[22:23:04] [Server thread/INFO]: Player718[local:E:e1d002e6] logged in with entity id 37 at (-118.70298244519492, 67.0, -229.97582030326572)
[22:23:04] [Server thread/INFO]: Player718 joined the game
[22:23:08] [Server thread/INFO]: Player718 has just earned the achievement [Taking Inventory]
[22:23:08] [Client thread/INFO]: [CHAT] Player718 has just earned the achievement [Taking Inventory]
[22:24:05] [Server thread/INFO]: [Player718: Set own game mode to Survival Mode]
[22:24:05] [Client thread/INFO]: [CHAT] Your game mode has been updated
[22:24:11] [Server thread/INFO]: [Player718: Given [Iron Pickaxe] * 1 to Player718]
[22:24:11] [Client thread/INFO]: [CHAT] Given [Iron Pickaxe] * 1 to Player718
[22:24:24] [Server thread/INFO]: [Player718: Set own game mode to Creative Mode]
[22:24:24] [Client thread/INFO]: [CHAT] Your game mode has been updated
[22:25:20] [Server thread/INFO]: Saving and pausing game...
[22:25:20] [Server thread/INFO]: Saving chunks for level 'MMC Test World'/Overworld
[22:25:20] [Server thread/INFO]: Saving chunks for level 'MMC Test World'/Nether
[22:25:20] [Server thread/INFO]: Saving chunks for level 'MMC Test World'/The End
[22:25:26] [Server thread/INFO]: [Player718: Set own game mode to Survival Mode]
[22:25:26] [Client thread/INFO]: [CHAT] Your game mode has been updated
[22:25:36] [Server thread/INFO]: [Player718: Set own game mode to Creative Mode]
[22:25:37] [Client thread/INFO]: [CHAT] Your game mode has been updated
[22:25:39] [Server thread/INFO]: [Player718: Set own game mode to Survival Mode]
[22:25:39] [Client thread/INFO]: [CHAT] Your game mode has been updated
[22:25:48] [Server thread/INFO]: Saving and pausing game...
[22:25:48] [Server thread/INFO]: Saving chunks for level 'MMC Test World'/Overworld
[22:25:48] [Server thread/INFO]: Saving chunks for level 'MMC Test World'/Nether
[22:25:48] [Server thread/INFO]: Saving chunks for level 'MMC Test World'/The End
[22:25:51] [Server thread/INFO]: [Player718: Set own game mode to Creative Mode]
[22:25:51] [Client thread/INFO]: [CHAT] Your game mode has been updated
[22:26:35] [Server thread/INFO]: Saving and pausing game...
[22:26:35] [Server thread/INFO]: Saving chunks for level 'MMC Test World'/Overworld
[22:26:35] [Server thread/INFO]: Saving chunks for level 'MMC Test World'/Nether
[22:26:35] [Server thread/INFO]: Saving chunks for level 'MMC Test World'/The End
[22:26:36] [Server thread/INFO]: Stopping server
[22:26:36] [Server thread/INFO]: Saving players
[22:26:36] [Server thread/INFO]: Saving worlds
[22:26:36] [Server thread/INFO]: Saving chunks for level 'MMC Test World'/Overworld
[22:26:36] [Server thread/INFO]: Saving chunks for level 'MMC Test World'/Nether
[22:26:36] [Server thread/INFO]: Saving chunks for level 'MMC Test World'/The End
[22:26:36] [Client thread/INFO]: Stopping!
[09:48:39] [main/INFO]: Setting user: Player15
[09:48:40] [Client thread/INFO]: LWJGL Version: 2.9.1
[09:48:46] [Client thread/INFO]: Reloading ResourceManager: Default, FMLFileResourcePack:Forge Mod Loader, FMLFileResourcePack:Minecraft Forge, FMLFileResourcePack:More Minecraft!
[09:48:47] [Sound Library Loader/INFO]: Sound engine started
[09:48:49] [Client thread/INFO]: Created: 512x256 textures/blocks-atlas
[09:48:49] [Client thread/INFO]: Created: 512x512 textures/items-atlas
[09:48:49] [Client thread/INFO]: Reloading ResourceManager: Default, FMLFileResourcePack:Forge Mod Loader, FMLFileResourcePack:Minecraft Forge, FMLFileResourcePack:More Minecraft!
[09:48:50] [Client thread/INFO]: Created: 512x256 textures/blocks-atlas
[09:48:50] [Client thread/INFO]: Created: 512x512 textures/items-atlas
[09:48:51] [Sound Library Loader/INFO]: Sound engine started
[09:49:55] [Server thread/INFO]: Starting integrated minecraft server version 1.7.10
[09:49:55] [Server thread/INFO]: Generating keypair
[09:49:55] [Server thread/INFO]: Preparing start region for level 0
[09:49:56] [Server thread/INFO]: Changing view distance to 12, from 10
[09:49:57] [Server thread/INFO]: Player15[local:E:dcc3ae29] logged in with entity id 62 at (-115.15812693005928, 67.0, -239.16848925514046)
[09:49:57] [Server thread/INFO]: Player15 joined the game
[09:49:59] [Server thread/INFO]: Player15 has just earned the achievement [Taking Inventory]
[09:49:59] [Client thread/INFO]: [CHAT] Player15 has just earned the achievement [Taking Inventory]
[09:50:41] [Client thread/INFO]: [CHAT] Unknown command. Try /help for a list of commands
[09:50:42] [Client thread/INFO]: [CHAT] Unknown command. Try /help for a list of commands
[09:50:44] [Server thread/INFO]: [Player15: Cleared the inventory of Player15, removing 251 items]
[09:50:44] [Client thread/INFO]: [CHAT] Cleared the inventory of Player15, removing 251 items
[09:50:44] [Server thread/INFO]: Saving and pausing game...
[09:50:44] [Server thread/INFO]: Saving chunks for level 'MMC Test World'/Overworld
[09:50:44] [Server thread/INFO]: Saving chunks for level 'MMC Test World'/Nether
[09:50:44] [Server thread/INFO]: Saving chunks for level 'MMC Test World'/The End
[09:50:45] [Server thread/INFO]: Stopping server
[09:50:45] [Server thread/INFO]: Saving players
[09:50:45] [Server thread/INFO]: Saving worlds
[09:50:45] [Server thread/INFO]: Saving chunks for level 'MMC Test World'/Overworld
[09:50:45] [Server thread/INFO]: Saving chunks for level 'MMC Test World'/Nether
[09:50:45] [Server thread/INFO]: Saving chunks for level 'MMC Test World'/The End
[09:50:46] [Client thread/INFO]: Stopping!
[09:52:26] [main/INFO]: Setting user: Player515
[09:52:27] [Client thread/INFO]: LWJGL Version: 2.9.1
[09:52:33] [Client thread/INFO]: Reloading ResourceManager: Default, FMLFileResourcePack:Forge Mod Loader, FMLFileResourcePack:Minecraft Forge, FMLFileResourcePack:More Minecraft!
[09:52:34] [Sound Library Loader/INFO]: Sound engine started
[09:52:36] [Client thread/INFO]: Created: 512x256 textures/blocks-atlas
[09:52:36] [Client thread/INFO]: Created: 512x512 textures/items-atlas
[09:52:36] [Client thread/INFO]: Reloading ResourceManager: Default, FMLFileResourcePack:Forge Mod Loader, FMLFileResourcePack:Minecraft Forge, FMLFileResourcePack:More Minecraft!
[09:52:36] [Client thread/INFO]: Created: 512x256 textures/blocks-atlas
[09:52:37] [Client thread/INFO]: Created: 512x512 textures/items-atlas
[09:52:37] [Sound Library Loader/INFO]: Sound engine started
[09:52:54] [Server thread/INFO]: Starting integrated minecraft server version 1.7.10
[09:52:54] [Server thread/INFO]: Generating keypair
[09:52:54] [Server thread/INFO]: Preparing start region for level 0
[09:52:55] [Server thread/INFO]: Changing view distance to 12, from 10
[09:52:56] [Server thread/INFO]: Player515[local:E:9b7ff1fb] logged in with entity id 62 at (-114.44687776905107, 67.0, -234.60377515136096)
[09:52:56] [Server thread/INFO]: Player515 joined the game
[09:52:59] [Server thread/INFO]: Player515 has just earned the achievement [Taking Inventory]
[09:52:59] [Client thread/INFO]: [CHAT] Player515 has just earned the achievement [Taking Inventory]
[09:53:10] [Server thread/INFO]: Saving and pausing game...
[09:53:10] [Server thread/INFO]: Saving chunks for level 'MMC Test World'/Overworld
[09:53:10] [Server thread/INFO]: Saving chunks for level 'MMC Test World'/Nether
[09:53:10] [Server thread/INFO]: Saving chunks for level 'MMC Test World'/The End
[09:53:11] [Server thread/INFO]: Stopping server
[09:53:11] [Server thread/INFO]: Saving players
[09:53:11] [Server thread/INFO]: Saving worlds
[09:53:11] [Server thread/INFO]: Saving chunks for level 'MMC Test World'/Overworld
[09:53:11] [Server thread/INFO]: Saving chunks for level 'MMC Test World'/Nether
[09:53:11] [Server thread/INFO]: Saving chunks for level 'MMC Test World'/The End
[09:53:11] [Client thread/INFO]: Stopping!
[10:05:23] [main/INFO]: Setting user: Player0
[10:05:24] [Client thread/INFO]: LWJGL Version: 2.9.1
[10:05:30] [Client thread/INFO]: Reloading ResourceManager: Default, FMLFileResourcePack:Forge Mod Loader, FMLFileResourcePack:Minecraft Forge, FMLFileResourcePack:More Minecraft!
[10:05:31] [Sound Library Loader/INFO]: Sound engine started
[10:05:32] [Client thread/INFO]: Created: 512x256 textures/blocks-atlas
[10:05:32] [Client thread/ERROR]: Using missing texture, unable to load mi:textures/items/witherstaff.png
java.io.FileNotFoundException: mi:textures/items/witherstaff.png
	at net.minecraft.client.resources.FallbackResourceManager.getResource(FallbackResourceManager.java:65) ~[FallbackResourceManager.class:?]
	at net.minecraft.client.resources.SimpleReloadableResourceManager.getResource(SimpleReloadableResourceManager.java:67) ~[SimpleReloadableResourceManager.class:?]
	at net.minecraft.client.renderer.texture.TextureMap.loadTextureAtlas(TextureMap.java:126) [TextureMap.class:?]
	at net.minecraft.client.renderer.texture.TextureMap.loadTexture(TextureMap.java:91) [TextureMap.class:?]
	at net.minecraft.client.renderer.texture.TextureManager.loadTexture(TextureManager.java:89) [TextureManager.class:?]
	at net.minecraft.client.renderer.texture.TextureManager.loadTickableTexture(TextureManager.java:71) [TextureManager.class:?]
	at net.minecraft.client.renderer.texture.TextureManager.loadTextureMap(TextureManager.java:58) [TextureManager.class:?]
	at net.minecraft.client.Minecraft.startGame(Minecraft.java:583) [Minecraft.class:?]
	at net.minecraft.client.Minecraft.run(Minecraft.java:931) [Minecraft.class:?]
	at net.minecraft.client.main.Main.main(Main.java:164) [Main.class:?]
	at sun.reflect.NativeMethodAccessorImpl.invoke0(Native Method) ~[?:1.8.0_25]
	at sun.reflect.NativeMethodAccessorImpl.invoke(Unknown Source) ~[?:1.8.0_25]
	at sun.reflect.DelegatingMethodAccessorImpl.invoke(Unknown Source) ~[?:1.8.0_25]
	at java.lang.reflect.Method.invoke(Unknown Source) ~[?:1.8.0_25]
	at net.minecraft.launchwrapper.Launch.launch(Launch.java:135) [launchwrapper-1.11.jar:?]
	at net.minecraft.launchwrapper.Launch.main(Launch.java:28) [launchwrapper-1.11.jar:?]
	at net.minecraftforge.gradle.GradleStartCommon.launch(GradleStartCommon.java:78) [start/:?]
	at GradleStart.main(GradleStart.java:45) [start/:?]
[10:05:32] [Client thread/INFO]: Created: 512x512 textures/items-atlas
[10:05:33] [Client thread/INFO]: Reloading ResourceManager: Default, FMLFileResourcePack:Forge Mod Loader, FMLFileResourcePack:Minecraft Forge, FMLFileResourcePack:More Minecraft!
[10:05:33] [Client thread/INFO]: Created: 512x256 textures/blocks-atlas
[10:05:33] [Client thread/ERROR]: Using missing texture, unable to load mi:textures/items/witherstaff.png
java.io.FileNotFoundException: mi:textures/items/witherstaff.png
	at net.minecraft.client.resources.FallbackResourceManager.getResource(FallbackResourceManager.java:65) ~[FallbackResourceManager.class:?]
	at net.minecraft.client.resources.SimpleReloadableResourceManager.getResource(SimpleReloadableResourceManager.java:67) ~[SimpleReloadableResourceManager.class:?]
	at net.minecraft.client.renderer.texture.TextureMap.loadTextureAtlas(TextureMap.java:126) [TextureMap.class:?]
	at net.minecraft.client.renderer.texture.TextureMap.loadTexture(TextureMap.java:91) [TextureMap.class:?]
	at net.minecraft.client.renderer.texture.TextureManager.loadTexture(TextureManager.java:89) [TextureManager.class:?]
	at net.minecraft.client.renderer.texture.TextureManager.onResourceManagerReload(TextureManager.java:170) [TextureManager.class:?]
	at net.minecraft.client.resources.SimpleReloadableResourceManager.notifyReloadListeners(SimpleReloadableResourceManager.java:134) [SimpleReloadableResourceManager.class:?]
	at net.minecraft.client.resources.SimpleReloadableResourceManager.reloadResources(SimpleReloadableResourceManager.java:118) [SimpleReloadableResourceManager.class:?]
	at net.minecraft.client.Minecraft.refreshResources(Minecraft.java:643) [Minecraft.class:?]
	at cpw.mods.fml.client.FMLClientHandler.finishMinecraftLoading(FMLClientHandler.java:303) [FMLClientHandler.class:?]
	at net.minecraft.client.Minecraft.startGame(Minecraft.java:586) [Minecraft.class:?]
	at net.minecraft.client.Minecraft.run(Minecraft.java:931) [Minecraft.class:?]
	at net.minecraft.client.main.Main.main(Main.java:164) [Main.class:?]
	at sun.reflect.NativeMethodAccessorImpl.invoke0(Native Method) ~[?:1.8.0_25]
	at sun.reflect.NativeMethodAccessorImpl.invoke(Unknown Source) ~[?:1.8.0_25]
	at sun.reflect.DelegatingMethodAccessorImpl.invoke(Unknown Source) ~[?:1.8.0_25]
	at java.lang.reflect.Method.invoke(Unknown Source) ~[?:1.8.0_25]
	at net.minecraft.launchwrapper.Launch.launch(Launch.java:135) [launchwrapper-1.11.jar:?]
	at net.minecraft.launchwrapper.Launch.main(Launch.java:28) [launchwrapper-1.11.jar:?]
	at net.minecraftforge.gradle.GradleStartCommon.launch(GradleStartCommon.java:78) [start/:?]
	at GradleStart.main(GradleStart.java:45) [start/:?]
[10:05:33] [Client thread/INFO]: Created: 512x512 textures/items-atlas
[10:05:34] [Sound Library Loader/INFO]: Sound engine started
