[13:04:07] [main/INFO]: Setting user: Player843
[13:04:09] [Client thread/INFO]: LWJGL Version: 2.9.1
[13:04:16] [Client thread/INFO]: Reloading ResourceManager: Default, FMLFileResourcePack:Forge Mod Loader, FMLFileResourcePack:Minecraft Forge, FMLFileResourcePack:More Minecraft!
[13:04:18] [Sound Library Loader/INFO]: Sound engine started
[13:04:24] [Client thread/INFO]: Created: 2048x1024 textures/blocks-atlas
[13:04:24] [Client thread/ERROR]: Using missing texture, unable to load mi:textures/items/healthcrystal.png
java.io.FileNotFoundException: mi:textures/items/healthcrystal.png
	at net.minecraft.client.resources.FallbackResourceManager.getResource(FallbackResourceManager.java:65) ~[FallbackResourceManager.class:?]
	at net.minecraft.client.resources.SimpleReloadableResourceManager.getResource(SimpleReloadableResourceManager.java:67) ~[SimpleReloadableResourceManager.class:?]
	at net.minecraft.client.renderer.texture.TextureMap.loadTextureAtlas(TextureMap.java:126) [TextureMap.class:?]
	at net.minecraft.client.renderer.texture.TextureMap.loadTexture(TextureMap.java:91) [TextureMap.class:?]
	at net.minecraft.client.renderer.texture.TextureManager.loadTexture(TextureManager.java:89) [TextureManager.class:?]
	at net.minecraft.client.renderer.texture.TextureManager.loadTickableTexture(TextureManager.java:71) [TextureManager.class:?]
	at net.minecraft.client.renderer.texture.TextureManager.loadTextureMap(TextureManager.java:58) [TextureManager.class:?]
	at net.minecraft.client.Minecraft.startGame(Minecraft.java:583) [Minecraft.class:?]
	at net.minecraft.client.Minecraft.run(Minecraft.java:931) [Minecraft.class:?]
	at net.minecraft.client.main.Main.main(Main.java:164) [Main.class:?]
	at sun.reflect.NativeMethodAccessorImpl.invoke0(Native Method) ~[?:1.8.0_25]
	at sun.reflect.NativeMethodAccessorImpl.invoke(NativeMethodAccessorImpl.java:62) ~[?:1.8.0_25]
	at sun.reflect.DelegatingMethodAccessorImpl.invoke(DelegatingMethodAccessorImpl.java:43) ~[?:1.8.0_25]
	at java.lang.reflect.Method.invoke(Method.java:483) ~[?:1.8.0_25]
	at net.minecraft.launchwrapper.Launch.launch(Launch.java:135) [launchwrapper-1.11.jar:?]
	at net.minecraft.launchwrapper.Launch.main(Launch.java:28) [launchwrapper-1.11.jar:?]
	at net.minecraftforge.gradle.GradleStartCommon.launch(GradleStartCommon.java:78) [start/:?]
	at GradleStart.main(GradleStart.java:45) [start/:?]
[13:04:24] [Client thread/INFO]: Created: 1024x512 textures/items-atlas
[13:04:24] [Client thread/INFO]: Reloading ResourceManager: Default, FMLFileResourcePack:Forge Mod Loader, FMLFileResourcePack:Minecraft Forge, FMLFileResourcePack:More Minecraft!
[13:04:27] [Client thread/INFO]: Created: 2048x1024 textures/blocks-atlas
[13:04:27] [Client thread/ERROR]: Using missing texture, unable to load mi:textures/items/healthcrystal.png
java.io.FileNotFoundException: mi:textures/items/healthcrystal.png
	at net.minecraft.client.resources.FallbackResourceManager.getResource(FallbackResourceManager.java:65) ~[FallbackResourceManager.class:?]
	at net.minecraft.client.resources.SimpleReloadableResourceManager.getResource(SimpleReloadableResourceManager.java:67) ~[SimpleReloadableResourceManager.class:?]
	at net.minecraft.client.renderer.texture.TextureMap.loadTextureAtlas(TextureMap.java:126) [TextureMap.class:?]
	at net.minecraft.client.renderer.texture.TextureMap.loadTexture(TextureMap.java:91) [TextureMap.class:?]
	at net.minecraft.client.renderer.texture.TextureManager.loadTexture(TextureManager.java:89) [TextureManager.class:?]
	at net.minecraft.client.renderer.texture.TextureManager.onResourceManagerReload(TextureManager.java:170) [TextureManager.class:?]
	at net.minecraft.client.resources.SimpleReloadableResourceManager.notifyReloadListeners(SimpleReloadableResourceManager.java:134) [SimpleReloadableResourceManager.class:?]
	at net.minecraft.client.resources.SimpleReloadableResourceManager.reloadResources(SimpleReloadableResourceManager.java:118) [SimpleReloadableResourceManager.class:?]
	at net.minecraft.client.Minecraft.refreshResources(Minecraft.java:643) [Minecraft.class:?]
	at cpw.mods.fml.client.FMLClientHandler.finishMinecraftLoading(FMLClientHandler.java:303) [FMLClientHandler.class:?]
	at net.minecraft.client.Minecraft.startGame(Minecraft.java:586) [Minecraft.class:?]
	at net.minecraft.client.Minecraft.run(Minecraft.java:931) [Minecraft.class:?]
	at net.minecraft.client.main.Main.main(Main.java:164) [Main.class:?]
	at sun.reflect.NativeMethodAccessorImpl.invoke0(Native Method) ~[?:1.8.0_25]
	at sun.reflect.NativeMethodAccessorImpl.invoke(NativeMethodAccessorImpl.java:62) ~[?:1.8.0_25]
	at sun.reflect.DelegatingMethodAccessorImpl.invoke(DelegatingMethodAccessorImpl.java:43) ~[?:1.8.0_25]
	at java.lang.reflect.Method.invoke(Method.java:483) ~[?:1.8.0_25]
	at net.minecraft.launchwrapper.Launch.launch(Launch.java:135) [launchwrapper-1.11.jar:?]
	at net.minecraft.launchwrapper.Launch.main(Launch.java:28) [launchwrapper-1.11.jar:?]
	at net.minecraftforge.gradle.GradleStartCommon.launch(GradleStartCommon.java:78) [start/:?]
	at GradleStart.main(GradleStart.java:45) [start/:?]
[13:04:27] [Client thread/INFO]: Created: 1024x512 textures/items-atlas
[13:04:28] [Sound Library Loader/INFO]: Sound engine started
[13:04:40] [Server thread/INFO]: Starting integrated minecraft server version 1.7.10
[13:04:40] [Server thread/INFO]: Generating keypair
[13:04:40] [Server thread/INFO]: Preparing start region for level 0
[13:04:41] [Server thread/INFO]: Changing view distance to 13, from 10
[13:04:42] [Server thread/INFO]: Player843[local:E:410801c5] logged in with entity id 76 at (1007.9112737678983, 75.0, -140.20221655263407)
[13:04:42] [Server thread/INFO]: Player843 joined the game
[13:04:49] [Server thread/INFO]: Player843 has just earned the achievement [Taking Inventory]
[13:04:49] [Client thread/INFO]: [CHAT] Player843 has just earned the achievement [Taking Inventory]
[13:05:30] [Client thread/INFO]: Stopping!
[13:05:30] [Server thread/INFO]: Stopping server
[13:05:30] [Server thread/INFO]: Saving players
[13:05:30] [Server thread/INFO]: Saving worlds
[13:05:30] [Server thread/INFO]: Saving chunks for level 'Copy of Copy of New World'/Overworld
[13:05:30] [Server thread/INFO]: Saving chunks for level 'Copy of Copy of New World'/Nether
[13:05:30] [Server thread/INFO]: Saving chunks for level 'Copy of Copy of New World'/The End
[13:05:30] [Client Shutdown Thread/INFO]: Stopping server
[13:05:30] [Client Shutdown Thread/INFO]: Saving players
